<?xml version="1.0" encoding="UTF-8"?>
<!-- Generated by org.testng.reporters.JUnitReportReporter -->
<testsuite hostname="LTIN183334" failures="0" tests="7" name="trutime.tests.OneCognizantTests" time="46.518" errors="0" timestamp="2024-03-15T11:47:10 IST" skipped="0">
  <testcase classname="trutime.tests.OneCognizantTests" name="launchOneCognizantT" time="10.686"/>
  <testcase classname="trutime.tests.OneCognizantTests" name="populateSearchBarT" time="34.800"/>
  <testcase classname="trutime.tests.OneCognizantTests" name="weekValidationT" time="0.197"/>
  <testcase classname="trutime.tests.OneCognizantTests" name="currentDateValidationT" time="0.043"/>
  <testcase classname="trutime.tests.OneCognizantTests" name="currentMonthYearValidationT" time="0.108"/>
  <testcase classname="trutime.tests.OneCognizantTests" name="topUpsAvailableDateT" time="0.049"/>
  <testcase classname="trutime.tests.OneCognizantTests" name="validateLegendsT" time="0.635"/>
</testsuite> <!-- trutime.tests.OneCognizantTests -->
